<?xml version="1.0" encoding="UTF-8"?>
<!-- Generated by org.testng.reporters.JUnitReportReporter -->
<testsuite hostname="DESKTOP-7NBB53I" failures="0" tests="1" name="day28.Demo1" time="12.201" errors="0" timestamp="2023-02-13T12:53:59 IST" skipped="0">
  <testcase classname="day28.Demo1" name="testA" time="12.201"/>
  <system-out/>
</testsuite> <!-- day28.Demo1 -->
