<?xml version="1.0" encoding="UTF-8"?>
<!-- Generated by org.testng.reporters.JUnitReportReporter -->
<testsuite hostname="DESKTOP-7NBB53I" failures="0" tests="1" name="scripts.ValidLogin" time="12.226" errors="0" timestamp="2023-02-15T21:32:57 IST" skipped="0">
  <testcase classname="scripts.ValidLogin" name="testValidLogin" time="12.226"/>
  <system-out>
    <![CDATA[HomePage is displayed]]>
  </system-out>
</testsuite> <!-- scripts.ValidLogin -->
