<?xml version="1.0" encoding="UTF-8"?>
<!-- Generated by org.testng.reporters.JUnitReportReporter -->
<testsuite hostname="DESKTOP-7NBB53I" failures="0" tests="1" name="scripts.TestCase1" time="10.671" errors="0" timestamp="2023-02-15T21:32:57 IST" skipped="0">
  <testcase classname="scripts.TestCase1" name="testA" time="10.671"/>
  <system-out>
    <![CDATA[actiTIME - Login
XL:Bhanu]]>
  </system-out>
</testsuite> <!-- scripts.TestCase1 -->
