<?xml version="1.0" encoding="UTF-8"?>
<!-- Generated by org.testng.reporters.JUnitReportReporter -->
<testsuite hostname="DESKTOP-7NBB53I" failures="0" tests="1" name="scripts.InvalidLogin" time="15.180" errors="0" timestamp="2023-02-16T08:15:20 IST" skipped="0">
  <testcase classname="scripts.InvalidLogin" name="testInvalidLogin" time="15.180"/>
  <system-out>
    <![CDATA[Err Msg is Displayed]]>
  </system-out>
</testsuite> <!-- scripts.InvalidLogin -->
